<?xml version="1.0" encoding="UTF-8"?>
<!-- Generated by org.testng.reporters.JUnitXMLReporter -->
<testsuite ignored="0" hostname="DESKTOP-M6L6L48" failures="0" tests="6" name="Default test" time="37.393" errors="0" timestamp="2022-10-14T07:15:03 IST">
  <testcase classname="com.capstone.AadharCitizen" name="ChromeBrowser" time="2.694"/>
  <testcase classname="com.capstone.AadharCitizen" name="CitizenCheck" time="10.377"/>
  <testcase classname="com.capstone.AadharAdmin" name="ChromeBrowser" time="1.435"/>
  <testcase classname="com.capstone.AadharAdmin" name="TestHome" time="13.568"/>
  <testcase classname="com.capstone.AadharRegister" name="ChromeBrowser" time="1.394"/>
  <testcase classname="com.capstone.AadharRegister" name="TestHome" time="7.869"/>
</testsuite> <!-- Default test -->
